\BOOKMARK [1][-]{section.1}{Introducci\363n}{}% 1
\BOOKMARK [1][-]{section.2}{Descripci\363n del problema}{}% 2
\BOOKMARK [1][-]{section.3}{Nivel b\341sico}{}% 3
\BOOKMARK [2][-]{subsection.3.1}{Dominio}{section.3}% 4
\BOOKMARK [3][-]{subsubsection.3.1.1}{Variables}{subsection.3.1}% 5
\BOOKMARK [3][-]{subsubsection.3.1.2}{Funciones}{subsection.3.1}% 6
\BOOKMARK [3][-]{subsubsection.3.1.3}{Predicados}{subsection.3.1}% 7
\BOOKMARK [3][-]{subsubsection.3.1.4}{Acciones}{subsection.3.1}% 8
\BOOKMARK [2][-]{subsection.3.2}{Problema}{section.3}% 9
\BOOKMARK [3][-]{subsubsection.3.2.1}{Objetos}{subsection.3.2}% 10
\BOOKMARK [3][-]{subsubsection.3.2.2}{Estado inicial}{subsection.3.2}% 11
\BOOKMARK [3][-]{subsubsection.3.2.3}{Estado final}{subsection.3.2}% 12
\BOOKMARK [2][-]{subsection.3.3}{Juegos de prueba}{section.3}% 13
\BOOKMARK [1][-]{section.4}{Extensi\363n 1}{}% 14
\BOOKMARK [2][-]{subsection.4.1}{Dominio}{section.4}% 15
\BOOKMARK [3][-]{subsubsection.4.1.1}{Funciones}{subsection.4.1}% 16
\BOOKMARK [3][-]{subsubsection.4.1.2}{Predicados}{subsection.4.1}% 17
\BOOKMARK [3][-]{subsubsection.4.1.3}{Acciones}{subsection.4.1}% 18
\BOOKMARK [2][-]{subsection.4.2}{Problema}{section.4}% 19
\BOOKMARK [3][-]{subsubsection.4.2.1}{Estado inicial}{subsection.4.2}% 20
\BOOKMARK [3][-]{subsubsection.4.2.2}{Estado final}{subsection.4.2}% 21
\BOOKMARK [2][-]{subsection.4.3}{Juegos de prueba}{section.4}% 22
\BOOKMARK [1][-]{section.5}{Extensi\363n 2}{}% 23
\BOOKMARK [2][-]{subsection.5.1}{Dominio}{section.5}% 24
\BOOKMARK [3][-]{subsubsection.5.1.1}{Funciones}{subsection.5.1}% 25
\BOOKMARK [3][-]{subsubsection.5.1.2}{Predicados}{subsection.5.1}% 26
\BOOKMARK [3][-]{subsubsection.5.1.3}{Acciones}{subsection.5.1}% 27
\BOOKMARK [2][-]{subsection.5.2}{Problema}{section.5}% 28
\BOOKMARK [3][-]{subsubsection.5.2.1}{Estado inicial}{subsection.5.2}% 29
\BOOKMARK [3][-]{subsubsection.5.2.2}{Estado final}{subsection.5.2}% 30
\BOOKMARK [2][-]{subsection.5.3}{Juegos de prueba}{section.5}% 31
\BOOKMARK [3][-]{subsubsection.5.3.1}{Prueba que minimice seg\372n la habilidad del programador}{subsection.5.3}% 32
\BOOKMARK [3][-]{subsubsection.5.3.2}{Prueba que optimize seg\372n la calidad del programador}{subsection.5.3}% 33
\BOOKMARK [1][-]{section.6}{Extensi\363n 3}{}% 34
\BOOKMARK [2][-]{subsection.6.1}{Dominio}{section.6}% 35
\BOOKMARK [3][-]{subsubsection.6.1.1}{Funciones}{subsection.6.1}% 36
\BOOKMARK [3][-]{subsubsection.6.1.2}{Predicados}{subsection.6.1}% 37
\BOOKMARK [3][-]{subsubsection.6.1.3}{Acciones}{subsection.6.1}% 38
\BOOKMARK [2][-]{subsection.6.2}{Problema}{section.6}% 39
\BOOKMARK [3][-]{subsubsection.6.2.1}{Estado inicial}{subsection.6.2}% 40
\BOOKMARK [3][-]{subsubsection.6.2.2}{Estado final}{subsection.6.2}% 41
\BOOKMARK [2][-]{subsection.6.3}{Juegos de prueba}{section.6}% 42
\BOOKMARK [3][-]{subsubsection.6.3.1}{Prueba est\341ndard}{subsection.6.3}% 43
\BOOKMARK [3][-]{subsubsection.6.3.2}{Prueba imposible de realizar}{subsection.6.3}% 44
\BOOKMARK [1][-]{section.7}{Extensi\363n 4}{}% 45
\BOOKMARK [2][-]{subsection.7.1}{Dominio}{section.7}% 46
\BOOKMARK [3][-]{subsubsection.7.1.1}{Funciones}{subsection.7.1}% 47
\BOOKMARK [3][-]{subsubsection.7.1.2}{Predicados}{subsection.7.1}% 48
\BOOKMARK [3][-]{subsubsection.7.1.3}{Acciones}{subsection.7.1}% 49
\BOOKMARK [2][-]{subsection.7.2}{Problema}{section.7}% 50
\BOOKMARK [3][-]{subsubsection.7.2.1}{Estado inicial}{subsection.7.2}% 51
\BOOKMARK [3][-]{subsubsection.7.2.2}{Estado final}{subsection.7.2}% 52
\BOOKMARK [2][-]{subsection.7.3}{Juegos de prueba}{section.7}% 53
\BOOKMARK [1][-]{section.8}{Conclusiones}{}% 54
\BOOKMARK [1][-]{section*.2}{Appendices}{}% 55
\BOOKMARK [1][-]{appendix.A}{Generador de juegos de prueba}{}% 56
